mode: set
/Users/mashiyathussain/Calculator app/main.go:5.24,7.2 1 1
/Users/mashiyathussain/Calculator app/main.go:9.29,11.2 1 1
/Users/mashiyathussain/Calculator app/main.go:13.29,15.2 1 1
/Users/mashiyathussain/Calculator app/main.go:17.38,18.22 1 1
/Users/mashiyathussain/Calculator app/main.go:24.2,24.14 1 1
/Users/mashiyathussain/Calculator app/main.go:18.22,20.3 1 0
/Users/mashiyathussain/Calculator app/main.go:20.8,20.19 1 1
/Users/mashiyathussain/Calculator app/main.go:20.19,23.3 2 0
/Users/mashiyathussain/Calculator app/main.go:26.14,28.2 0 0
